# JRE version: Java(TM) SE Runtime Environment (17.0.9+11) (build 17.0.9+11-LTS-201)
# Java VM: Java HotSpot(TM) 64-Bit Server VM (17.0.9+11-LTS-201, mixed mode, sharing, tiered, compressed oops, compressed class ptrs, g1 gc, windows-amd64)
GC Precious Log:
 CPUs: 12 total, 12 available
 Memory: 6005M
 Large Page Support: Disabled
 NUMA Support: Disabled
 Compressed Oops: Enabled (32-bit)
 Heap Region Size: 1M
 Heap Min Capacity: 8M
 Heap Initial Capacity: 94M
 Heap Max Capacity: 2G
 Pre-touch: Disabled
 Parallel Workers: 10
 Concurrent Workers: 3
 Concurrent Refinement Workers: 10
 Periodic GC: Disabled
Heap:
 garbage-first heap   total 189440K, used 138862K [0x0000000080000000, 0x0000000100000000)
  region size 1024K, 4 young (4096K), 4 survivors (4096K)
 Metaspace       used 95196K, committed 96064K, reserved 557056K
  class space    used 13289K, committed 13696K, reserved 425984K
GC Heap History (20 events):
Event: 34.750 GC heap after
{Heap after GC invocations=39 (full 0):
 garbage-first heap   total 142336K, used 90938K [0x0000000080000000, 0x0000000100000000)
  region size 1024K, 1 young (1024K), 1 survivors (1024K)
 Metaspace       used 76354K, committed 77120K, reserved 557056K
  class space    used 10588K, committed 10944K, reserved 425984K
}
Event: 35.414 GC heap before
{Heap before GC invocations=39 (full 0):
 garbage-first heap   total 142336K, used 115514K [0x0000000080000000, 0x0000000100000000)
  region size 1024K, 26 young (26624K), 1 survivors (1024K)
 Metaspace       used 77985K, committed 78720K, reserved 557056K
  class space    used 10809K, committed 11136K, reserved 425984K
}
Event: 35.419 GC heap after
{Heap after GC invocations=40 (full 0):
 garbage-first heap   total 142336K, used 92936K [0x0000000080000000, 0x0000000100000000)
  region size 1024K, 3 young (3072K), 3 survivors (3072K)
 Metaspace       used 77985K, committed 78720K, reserved 557056K
  class space    used 10809K, committed 11136K, reserved 425984K
}
Event: 36.020 GC heap before
{Heap before GC invocations=41 (full 0):
 garbage-first heap   total 157696K, used 113416K [0x0000000080000000, 0x0000000100000000)
  region size 1024K, 27 young (27648K), 3 survivors (3072K)
 Metaspace       used 79659K, committed 80384K, reserved 557056K
  class space    used 11018K, committed 11328K, reserved 425984K
}
Event: 36.024 GC heap after
{Heap after GC invocations=42 (full 0):
 garbage-first heap   total 157696K, used 89465K [0x0000000080000000, 0x0000000100000000)
  region size 1024K, 2 young (2048K), 2 survivors (2048K)
 Metaspace       used 79659K, committed 80384K, reserved 557056K
  class space    used 11018K, committed 11328K, reserved 425984K
}
Event: 36.191 GC heap before
{Heap before GC invocations=42 (full 0):
 garbage-first heap   total 157696K, used 94585K [0x0000000080000000, 0x0000000100000000)
  region size 1024K, 7 young (7168K), 2 survivors (2048K)
 Metaspace       used 80033K, committed 80768K, reserved 557056K
  class space    used 11062K, committed 11392K, reserved 425984K
}
Event: 36.195 GC heap after
{Heap after GC invocations=43 (full 0):
 garbage-first heap   total 189440K, used 89272K [0x0000000080000000, 0x0000000100000000)
  region size 1024K, 1 young (1024K), 1 survivors (1024K)
 Metaspace       used 80033K, committed 80768K, reserved 557056K
  class space    used 11062K, committed 11392K, reserved 425984K
}
Event: 37.617 GC heap before
{Heap before GC invocations=43 (full 0):
 garbage-first heap   total 189440K, used 145592K [0x0000000080000000, 0x0000000100000000)
  region size 1024K, 56 young (57344K), 1 survivors (1024K)
 Metaspace       used 82623K, committed 83392K, reserved 557056K
  class space    used 11430K, committed 11776K, reserved 425984K
}
Event: 37.621 GC heap after
{Heap after GC invocations=44 (full 0):
 garbage-first heap   total 189440K, used 92279K [0x0000000080000000, 0x0000000100000000)
  region size 1024K, 4 young (4096K), 4 survivors (4096K)
 Metaspace       used 82623K, committed 83392K, reserved 557056K
  class space    used 11430K, committed 11776K, reserved 425984K
}
Event: 53.299 GC heap before
{Heap before GC invocations=44 (full 0):
 garbage-first heap   total 189440K, used 149623K [0x0000000080000000, 0x0000000100000000)
  region size 1024K, 60 young (61440K), 4 survivors (4096K)
 Metaspace       used 85223K, committed 85952K, reserved 557056K
  class space    used 11804K, committed 12160K, reserved 425984K
}
Event: 53.334 GC heap after
{Heap after GC invocations=45 (full 0):
 garbage-first heap   total 189440K, used 95998K [0x0000000080000000, 0x0000000100000000)
  region size 1024K, 7 young (7168K), 7 survivors (7168K)
 Metaspace       used 85223K, committed 85952K, reserved 557056K
  class space    used 11804K, committed 12160K, reserved 425984K
}
Event: 55.249 GC heap before
{Heap before GC invocations=45 (full 0):
 garbage-first heap   total 189440K, used 152318K [0x0000000080000000, 0x0000000100000000)
  region size 1024K, 62 young (63488K), 7 survivors (7168K)
 Metaspace       used 89060K, committed 89792K, reserved 557056K
  class space    used 12485K, committed 12800K, reserved 425984K
}
Event: 55.299 GC heap after
{Heap after GC invocations=46 (full 0):
 garbage-first heap   total 189440K, used 97830K [0x0000000080000000, 0x0000000100000000)
  region size 1024K, 6 young (6144K), 6 survivors (6144K)
 Metaspace       used 89060K, committed 89792K, reserved 557056K
  class space    used 12485K, committed 12800K, reserved 425984K
}
Event: 56.899 GC heap before
{Heap before GC invocations=46 (full 0):
 garbage-first heap   total 189440K, used 154150K [0x0000000080000000, 0x0000000100000000)
  region size 1024K, 61 young (62464K), 6 survivors (6144K)
 Metaspace       used 91718K, committed 92544K, reserved 557056K
  class space    used 12865K, committed 13248K, reserved 425984K
}
Event: 56.920 GC heap after
{Heap after GC invocations=47 (full 0):
 garbage-first heap   total 189440K, used 103380K [0x0000000080000000, 0x0000000100000000)
  region size 1024K, 8 young (8192K), 8 survivors (8192K)
 Metaspace       used 91718K, committed 92544K, reserved 557056K
  class space    used 12865K, committed 13248K, reserved 425984K
}
Event: 59.035 GC heap before
{Heap before GC invocations=47 (full 0):
 garbage-first heap   total 189440K, used 157652K [0x0000000080000000, 0x0000000100000000)
  region size 1024K, 58 young (59392K), 8 survivors (8192K)
 Metaspace       used 94187K, committed 95104K, reserved 557056K
  class space    used 13151K, committed 13568K, reserved 425984K
}
Event: 59.066 GC heap after
{Heap after GC invocations=48 (full 0):
 garbage-first heap   total 189440K, used 118268K [0x0000000080000000, 0x0000000100000000)
  region size 1024K, 8 young (8192K), 8 survivors (8192K)
 Metaspace       used 94187K, committed 95104K, reserved 557056K
  class space    used 13151K, committed 13568K, reserved 425984K
}
Event: 60.299 GC heap before
{Heap before GC invocations=48 (full 0):
 garbage-first heap   total 189440K, used 157180K [0x0000000080000000, 0x0000000100000000)
  region size 1024K, 43 young (44032K), 8 survivors (8192K)
 Metaspace       used 94886K, committed 95872K, reserved 557056K
  class space    used 13253K, committed 13696K, reserved 425984K
}
Event: 60.318 GC heap after
{Heap after GC invocations=49 (full 0):
 garbage-first heap   total 189440K, used 132396K [0x0000000080000000, 0x0000000100000000)
  region size 1024K, 6 young (6144K), 6 survivors (6144K)
 Metaspace       used 94886K, committed 95872K, reserved 557056K
  class space    used 13253K, committed 13696K, reserved 425984K
}
Event: 61.405 GC heap before
{Heap before GC invocations=49 (full 0):
 garbage-first heap   total 189440K, used 154924K [0x0000000080000000, 0x0000000100000000)
  region size 1024K, 28 young (28672K), 6 survivors (6144K)
 Metaspace       used 95196K, committed 96064K, reserved 557056K
  class space    used 13289K, committed 13696K, reserved 425984K
}

