# JRE version: Java(TM) SE Runtime Environment (17.0.9+11) (build 17.0.9+11-LTS-201)
# Java VM: Java HotSpot(TM) 64-Bit Server VM (17.0.9+11-LTS-201, mixed mode, sharing, tiered, compressed oops, compressed class ptrs, g1 gc, windows-amd64)
GC Precious Log:
 CPUs: 12 total, 12 available
 Memory: 6005M
 Large Page Support: Disabled
 NUMA Support: Disabled
 Compressed Oops: Enabled (32-bit)
 Heap Region Size: 1M
 Heap Min Capacity: 8M
 Heap Initial Capacity: 94M
 Heap Max Capacity: 2G
 Pre-touch: Disabled
 Parallel Workers: 10
 Concurrent Workers: 3
 Concurrent Refinement Workers: 10
 Periodic GC: Disabled
Heap:
 garbage-first heap   total 340992K, used 196142K [0x0000000080000000, 0x0000000100000000)
  region size 1024K, 7 young (7168K), 7 survivors (7168K)
 Metaspace       used 104437K, committed 105856K, reserved 557056K
  class space    used 14542K, committed 15168K, reserved 425984K
GC Heap History (20 events):
Event: 82.605 GC heap after
{Heap after GC invocations=36 (full 0):
 garbage-first heap   total 340992K, used 107134K [0x0000000080000000, 0x0000000100000000)
  region size 1024K, 2 young (2048K), 2 survivors (2048K)
 Metaspace       used 93541K, committed 94464K, reserved 557056K
  class space    used 13121K, committed 13568K, reserved 425984K
}
Event: 84.468 GC heap before
{Heap before GC invocations=36 (full 0):
 garbage-first heap   total 340992K, used 137854K [0x0000000080000000, 0x0000000100000000)
  region size 1024K, 34 young (34816K), 2 survivors (2048K)
 Metaspace       used 95027K, committed 95936K, reserved 557056K
  class space    used 13254K, committed 13696K, reserved 425984K
}
Event: 84.485 GC heap after
{Heap after GC invocations=37 (full 0):
 garbage-first heap   total 340992K, used 112987K [0x0000000080000000, 0x0000000100000000)
  region size 1024K, 8 young (8192K), 8 survivors (8192K)
 Metaspace       used 95027K, committed 95936K, reserved 557056K
  class space    used 13254K, committed 13696K, reserved 425984K
}
Event: 93.348 GC heap before
{Heap before GC invocations=38 (full 0):
 garbage-first heap   total 340992K, used 240987K [0x0000000080000000, 0x0000000100000000)
  region size 1024K, 125 young (128000K), 8 survivors (8192K)
 Metaspace       used 96826K, committed 97920K, reserved 557056K
  class space    used 13473K, committed 13952K, reserved 425984K
}
Event: 93.393 GC heap after
{Heap after GC invocations=39 (full 0):
 garbage-first heap   total 340992K, used 146644K [0x0000000080000000, 0x0000000100000000)
  region size 1024K, 16 young (16384K), 16 survivors (16384K)
 Metaspace       used 96826K, committed 97920K, reserved 557056K
  class space    used 13473K, committed 13952K, reserved 425984K
}
Event: 93.420 GC heap before
{Heap before GC invocations=39 (full 0):
 garbage-first heap   total 340992K, used 147668K [0x0000000080000000, 0x0000000100000000)
  region size 1024K, 17 young (17408K), 16 survivors (16384K)
 Metaspace       used 96864K, committed 97920K, reserved 557056K
  class space    used 13479K, committed 13952K, reserved 425984K
}
Event: 93.447 GC heap after
{Heap after GC invocations=40 (full 0):
 garbage-first heap   total 340992K, used 148666K [0x0000000080000000, 0x0000000100000000)
  region size 1024K, 2 young (2048K), 2 survivors (2048K)
 Metaspace       used 96864K, committed 97920K, reserved 557056K
  class space    used 13479K, committed 13952K, reserved 425984K
}
Event: 95.128 GC heap before
{Heap before GC invocations=40 (full 0):
 garbage-first heap   total 340992K, used 173242K [0x0000000080000000, 0x0000000100000000)
  region size 1024K, 27 young (27648K), 2 survivors (2048K)
 Metaspace       used 97112K, committed 98240K, reserved 557056K
  class space    used 13511K, committed 14016K, reserved 425984K
}
Event: 95.134 GC heap after
{Heap after GC invocations=41 (full 0):
 garbage-first heap   total 340992K, used 153137K [0x0000000080000000, 0x0000000100000000)
  region size 1024K, 6 young (6144K), 6 survivors (6144K)
 Metaspace       used 97112K, committed 98240K, reserved 557056K
  class space    used 13511K, committed 14016K, reserved 425984K
}
Event: 98.915 GC heap before
{Heap before GC invocations=42 (full 0):
 garbage-first heap   total 340992K, used 246321K [0x0000000080000000, 0x0000000100000000)
  region size 1024K, 93 young (95232K), 6 survivors (6144K)
 Metaspace       used 98096K, committed 99392K, reserved 557056K
  class space    used 13646K, committed 14208K, reserved 425984K
}
Event: 98.988 GC heap after
{Heap after GC invocations=43 (full 0):
 garbage-first heap   total 340992K, used 176127K [0x0000000080000000, 0x0000000100000000)
  region size 1024K, 12 young (12288K), 12 survivors (12288K)
 Metaspace       used 98096K, committed 99392K, reserved 557056K
  class space    used 13646K, committed 14208K, reserved 425984K
}
Event: 99.284 GC heap before
{Heap before GC invocations=43 (full 0):
 garbage-first heap   total 340992K, used 179199K [0x0000000080000000, 0x0000000100000000)
  region size 1024K, 16 young (16384K), 12 survivors (12288K)
 Metaspace       used 98102K, committed 99392K, reserved 557056K
  class space    used 13646K, committed 14208K, reserved 425984K
}
Event: 99.320 GC heap after
{Heap after GC invocations=44 (full 0):
 garbage-first heap   total 340992K, used 178218K [0x0000000080000000, 0x0000000100000000)
  region size 1024K, 2 young (2048K), 2 survivors (2048K)
 Metaspace       used 98102K, committed 99392K, reserved 557056K
  class space    used 13646K, committed 14208K, reserved 425984K
}
Event: 99.962 GC heap before
{Heap before GC invocations=44 (full 0):
 garbage-first heap   total 340992K, used 193578K [0x0000000080000000, 0x0000000100000000)
  region size 1024K, 18 young (18432K), 2 survivors (2048K)
 Metaspace       used 98163K, committed 99456K, reserved 557056K
  class space    used 13657K, committed 14208K, reserved 425984K
}
Event: 99.968 GC heap after
{Heap after GC invocations=45 (full 0):
 garbage-first heap   total 340992K, used 179238K [0x0000000080000000, 0x0000000100000000)
  region size 1024K, 3 young (3072K), 3 survivors (3072K)
 Metaspace       used 98163K, committed 99456K, reserved 557056K
  class space    used 13657K, committed 14208K, reserved 425984K
}
Event: 103.886 GC heap before
{Heap before GC invocations=46 (full 0):
 garbage-first heap   total 340992K, used 261158K [0x0000000080000000, 0x0000000100000000)
  region size 1024K, 82 young (83968K), 3 survivors (3072K)
 Metaspace       used 100488K, committed 101824K, reserved 557056K
  class space    used 13978K, committed 14528K, reserved 425984K
}
Event: 103.921 GC heap after
{Heap after GC invocations=47 (full 0):
 garbage-first heap   total 340992K, used 190595K [0x0000000080000000, 0x0000000100000000)
  region size 1024K, 11 young (11264K), 11 survivors (11264K)
 Metaspace       used 100488K, committed 101824K, reserved 557056K
  class space    used 13978K, committed 14528K, reserved 425984K
}
Event: 104.337 GC heap before
{Heap before GC invocations=47 (full 0):
 garbage-first heap   total 340992K, used 195715K [0x0000000080000000, 0x0000000100000000)
  region size 1024K, 16 young (16384K), 11 survivors (11264K)
 Metaspace       used 100959K, committed 102400K, reserved 557056K
  class space    used 14041K, committed 14656K, reserved 425984K
}
Event: 104.465 GC heap after
{Heap after GC invocations=48 (full 0):
 garbage-first heap   total 340992K, used 190697K [0x0000000080000000, 0x0000000100000000)
  region size 1024K, 2 young (2048K), 2 survivors (2048K)
 Metaspace       used 100959K, committed 102400K, reserved 557056K
  class space    used 14041K, committed 14656K, reserved 425984K
}
Event: 107.359 GC heap before
{Heap before GC invocations=48 (full 0):
 garbage-first heap   total 340992K, used 266473K [0x0000000080000000, 0x0000000100000000)
  region size 1024K, 76 young (77824K), 2 survivors (2048K)
 Metaspace       used 104437K, committed 105856K, reserved 557056K
  class space    used 14542K, committed 15168K, reserved 425984K
}

