# JRE version: Java(TM) SE Runtime Environment (17.0.9+11) (build 17.0.9+11-LTS-201)
# Java VM: Java HotSpot(TM) 64-Bit Server VM (17.0.9+11-LTS-201, mixed mode, sharing, tiered, compressed oops, compressed class ptrs, g1 gc, windows-amd64)
GC Precious Log:
 CPUs: 12 total, 12 available
 Memory: 6005M
 Large Page Support: Disabled
 NUMA Support: Disabled
 Compressed Oops: Enabled (32-bit)
 Heap Region Size: 1M
 Heap Min Capacity: 8M
 Heap Initial Capacity: 94M
 Heap Max Capacity: 2G
 Pre-touch: Disabled
 Parallel Workers: 10
 Concurrent Workers: 3
 Concurrent Refinement Workers: 10
 Periodic GC: Disabled
Heap:
 garbage-first heap   total 334848K, used 235564K [0x0000000080000000, 0x0000000100000000)
  region size 1024K, 41 young (41984K), 6 survivors (6144K)
 Metaspace       used 104494K, committed 105920K, reserved 557056K
  class space    used 14539K, committed 15168K, reserved 425984K
GC Heap History (20 events):
Event: 100.143 GC heap before
{Heap before GC invocations=70 (full 0):
 garbage-first heap   total 224256K, used 191507K [0x0000000080000000, 0x0000000100000000)
  region size 1024K, 11 young (11264K), 2 survivors (2048K)
 Metaspace       used 98058K, committed 99328K, reserved 557056K
  class space    used 13642K, committed 14208K, reserved 425984K
}
Event: 100.147 GC heap after
{Heap after GC invocations=71 (full 0):
 garbage-first heap   total 224256K, used 184536K [0x0000000080000000, 0x0000000100000000)
  region size 1024K, 2 young (2048K), 2 survivors (2048K)
 Metaspace       used 98058K, committed 99328K, reserved 557056K
  class space    used 13642K, committed 14208K, reserved 425984K
}
Event: 100.391 GC heap before
{Heap before GC invocations=71 (full 0):
 garbage-first heap   total 224256K, used 194776K [0x0000000080000000, 0x0000000100000000)
  region size 1024K, 11 young (11264K), 2 survivors (2048K)
 Metaspace       used 98118K, committed 99392K, reserved 557056K
  class space    used 13653K, committed 14208K, reserved 425984K
}
Event: 100.397 GC heap after
{Heap after GC invocations=72 (full 0):
 garbage-first heap   total 224256K, used 188980K [0x0000000080000000, 0x0000000100000000)
  region size 1024K, 2 young (2048K), 2 survivors (2048K)
 Metaspace       used 98118K, committed 99392K, reserved 557056K
  class space    used 13653K, committed 14208K, reserved 425984K
}
Event: 100.930 GC heap before
{Heap before GC invocations=72 (full 0):
 garbage-first heap   total 224256K, used 196148K [0x0000000080000000, 0x0000000100000000)
  region size 1024K, 10 young (10240K), 2 survivors (2048K)
 Metaspace       used 98198K, committed 99520K, reserved 557056K
  class space    used 13666K, committed 14272K, reserved 425984K
}
Event: 100.934 GC heap after
{Heap after GC invocations=73 (full 0):
 garbage-first heap   total 224256K, used 191582K [0x0000000080000000, 0x0000000100000000)
  region size 1024K, 2 young (2048K), 2 survivors (2048K)
 Metaspace       used 98198K, committed 99520K, reserved 557056K
  class space    used 13666K, committed 14272K, reserved 425984K
}
Event: 101.452 GC heap before
{Heap before GC invocations=73 (full 0):
 garbage-first heap   total 224256K, used 199774K [0x0000000080000000, 0x0000000100000000)
  region size 1024K, 10 young (10240K), 2 survivors (2048K)
 Metaspace       used 98205K, committed 99520K, reserved 557056K
  class space    used 13666K, committed 14272K, reserved 425984K
}
Event: 101.455 GC heap after
{Heap after GC invocations=74 (full 0):
 garbage-first heap   total 224256K, used 193087K [0x0000000080000000, 0x0000000100000000)
  region size 1024K, 2 young (2048K), 2 survivors (2048K)
 Metaspace       used 98205K, committed 99520K, reserved 557056K
  class space    used 13666K, committed 14272K, reserved 425984K
}
Event: 102.007 GC heap before
{Heap before GC invocations=74 (full 0):
 garbage-first heap   total 224256K, used 200255K [0x0000000080000000, 0x0000000100000000)
  region size 1024K, 10 young (10240K), 2 survivors (2048K)
 Metaspace       used 98262K, committed 99584K, reserved 557056K
  class space    used 13672K, committed 14272K, reserved 425984K
}
Event: 102.044 GC heap after
{Heap after GC invocations=75 (full 0):
 garbage-first heap   total 224256K, used 194762K [0x0000000080000000, 0x0000000100000000)
  region size 1024K, 2 young (2048K), 2 survivors (2048K)
 Metaspace       used 98262K, committed 99584K, reserved 557056K
  class space    used 13672K, committed 14272K, reserved 425984K
}
Event: 102.361 GC heap before
{Heap before GC invocations=75 (full 0):
 garbage-first heap   total 224256K, used 202954K [0x0000000080000000, 0x0000000100000000)
  region size 1024K, 10 young (10240K), 2 survivors (2048K)
 Metaspace       used 98392K, committed 99712K, reserved 557056K
  class space    used 13690K, committed 14272K, reserved 425984K
}
Event: 102.366 GC heap after
{Heap after GC invocations=76 (full 0):
 garbage-first heap   total 224256K, used 196358K [0x0000000080000000, 0x0000000100000000)
  region size 1024K, 2 young (2048K), 2 survivors (2048K)
 Metaspace       used 98392K, committed 99712K, reserved 557056K
  class space    used 13690K, committed 14272K, reserved 425984K
}
Event: 102.611 GC heap before
{Heap before GC invocations=76 (full 0):
 garbage-first heap   total 224256K, used 204550K [0x0000000080000000, 0x0000000100000000)
  region size 1024K, 10 young (10240K), 2 survivors (2048K)
 Metaspace       used 98493K, committed 99776K, reserved 557056K
  class space    used 13697K, committed 14272K, reserved 425984K
}
Event: 102.616 GC heap after
{Heap after GC invocations=77 (full 0):
 garbage-first heap   total 224256K, used 197662K [0x0000000080000000, 0x0000000100000000)
  region size 1024K, 2 young (2048K), 2 survivors (2048K)
 Metaspace       used 98493K, committed 99776K, reserved 557056K
  class space    used 13697K, committed 14272K, reserved 425984K
}
Event: 102.761 GC heap before
{Heap before GC invocations=78 (full 0):
 garbage-first heap   total 334848K, used 205854K [0x0000000080000000, 0x0000000100000000)
  region size 1024K, 10 young (10240K), 2 survivors (2048K)
 Metaspace       used 98516K, committed 99840K, reserved 557056K
  class space    used 13697K, committed 14272K, reserved 425984K
}
Event: 102.765 GC heap after
{Heap after GC invocations=79 (full 0):
 garbage-first heap   total 334848K, used 199050K [0x0000000080000000, 0x0000000100000000)
  region size 1024K, 2 young (2048K), 2 survivors (2048K)
 Metaspace       used 98516K, committed 99840K, reserved 557056K
  class space    used 13697K, committed 14272K, reserved 425984K
}
Event: 103.318 GC heap before
{Heap before GC invocations=79 (full 0):
 garbage-first heap   total 334848K, used 213386K [0x0000000080000000, 0x0000000100000000)
  region size 1024K, 16 young (16384K), 2 survivors (2048K)
 Metaspace       used 99278K, committed 100672K, reserved 557056K
  class space    used 13796K, committed 14400K, reserved 425984K
}
Event: 103.324 GC heap after
{Heap after GC invocations=80 (full 0):
 garbage-first heap   total 334848K, used 196719K [0x0000000080000000, 0x0000000100000000)
  region size 1024K, 2 young (2048K), 2 survivors (2048K)
 Metaspace       used 99278K, committed 100672K, reserved 557056K
  class space    used 13796K, committed 14400K, reserved 425984K
}
Event: 106.253 GC heap before
{Heap before GC invocations=80 (full 0):
 garbage-first heap   total 334848K, used 263279K [0x0000000080000000, 0x0000000100000000)
  region size 1024K, 67 young (68608K), 2 survivors (2048K)
 Metaspace       used 103573K, committed 104960K, reserved 557056K
  class space    used 14420K, committed 15040K, reserved 425984K
}
Event: 106.277 GC heap after
{Heap after GC invocations=81 (full 0):
 garbage-first heap   total 334848K, used 200748K [0x0000000080000000, 0x0000000100000000)
  region size 1024K, 6 young (6144K), 6 survivors (6144K)
 Metaspace       used 103573K, committed 104960K, reserved 557056K
  class space    used 14420K, committed 15040K, reserved 425984K
}

