# JRE version: Java(TM) SE Runtime Environment (17.0.9+11) (build 17.0.9+11-LTS-201)
# Java VM: Java HotSpot(TM) 64-Bit Server VM (17.0.9+11-LTS-201, mixed mode, sharing, tiered, compressed oops, compressed class ptrs, g1 gc, windows-amd64)
GC Precious Log:
 CPUs: 12 total, 12 available
 Memory: 6005M
 Large Page Support: Disabled
 NUMA Support: Disabled
 Compressed Oops: Enabled (32-bit)
 Heap Region Size: 1M
 Heap Min Capacity: 8M
 Heap Initial Capacity: 94M
 Heap Max Capacity: 2G
 Pre-touch: Disabled
 Parallel Workers: 10
 Concurrent Workers: 3
 Concurrent Refinement Workers: 10
 Periodic GC: Disabled
Heap:
 garbage-first heap   total 194560K, used 125231K [0x0000000080000000, 0x0000000100000000)
  region size 1024K, 41 young (41984K), 7 survivors (7168K)
 Metaspace       used 82841K, committed 83520K, reserved 557056K
  class space    used 11442K, committed 11776K, reserved 425984K
GC Heap History (20 events):
Event: 53.821 GC heap before
{Heap before GC invocations=36 (full 0):
 garbage-first heap   total 121856K, used 72533K [0x0000000080000000, 0x0000000100000000)
  region size 1024K, 5 young (5120K), 2 survivors (2048K)
 Metaspace       used 71460K, committed 72192K, reserved 491520K
  class space    used 10000K, committed 10368K, reserved 425984K
}
Event: 53.827 GC heap after
{Heap after GC invocations=37 (full 0):
 garbage-first heap   total 121856K, used 70803K [0x0000000080000000, 0x0000000100000000)
  region size 1024K, 3 young (3072K), 3 survivors (3072K)
 Metaspace       used 71460K, committed 72192K, reserved 491520K
  class space    used 10000K, committed 10368K, reserved 425984K
}
Event: 54.002 GC heap before
{Heap before GC invocations=38 (full 0):
 garbage-first heap   total 124928K, used 72851K [0x0000000080000000, 0x0000000100000000)
  region size 1024K, 4 young (4096K), 3 survivors (3072K)
 Metaspace       used 71463K, committed 72192K, reserved 491520K
  class space    used 10000K, committed 10368K, reserved 425984K
}
Event: 54.006 GC heap after
{Heap after GC invocations=39 (full 0):
 garbage-first heap   total 124928K, used 73659K [0x0000000080000000, 0x0000000100000000)
  region size 1024K, 2 young (2048K), 2 survivors (2048K)
 Metaspace       used 71463K, committed 72192K, reserved 491520K
  class space    used 10000K, committed 10368K, reserved 425984K
}
Event: 54.350 GC heap before
{Heap before GC invocations=40 (full 0):
 garbage-first heap   total 128000K, used 77755K [0x0000000080000000, 0x0000000100000000)
  region size 1024K, 7 young (7168K), 2 survivors (2048K)
 Metaspace       used 71471K, committed 72256K, reserved 491520K
  class space    used 10000K, committed 10368K, reserved 425984K
}
Event: 54.354 GC heap after
{Heap after GC invocations=41 (full 0):
 garbage-first heap   total 128000K, used 78441K [0x0000000080000000, 0x0000000100000000)
  region size 1024K, 3 young (3072K), 3 survivors (3072K)
 Metaspace       used 71471K, committed 72256K, reserved 491520K
  class space    used 10000K, committed 10368K, reserved 425984K
}
Event: 54.635 GC heap before
{Heap before GC invocations=42 (full 0):
 garbage-first heap   total 135168K, used 81513K [0x0000000080000000, 0x0000000100000000)
  region size 1024K, 6 young (6144K), 3 survivors (3072K)
 Metaspace       used 71480K, committed 72256K, reserved 491520K
  class space    used 10002K, committed 10368K, reserved 425984K
}
Event: 54.639 GC heap after
{Heap after GC invocations=43 (full 0):
 garbage-first heap   total 135168K, used 79531K [0x0000000080000000, 0x0000000100000000)
  region size 1024K, 2 young (2048K), 2 survivors (2048K)
 Metaspace       used 71480K, committed 72256K, reserved 491520K
  class space    used 10002K, committed 10368K, reserved 425984K
}
Event: 55.369 GC heap before
{Heap before GC invocations=44 (full 0):
 garbage-first heap   total 138240K, used 96939K [0x0000000080000000, 0x0000000100000000)
  region size 1024K, 19 young (19456K), 2 survivors (2048K)
 Metaspace       used 72608K, committed 73344K, reserved 491520K
  class space    used 10151K, committed 10496K, reserved 425984K
}
Event: 55.372 GC heap after
{Heap after GC invocations=45 (full 0):
 garbage-first heap   total 194560K, used 82526K [0x0000000080000000, 0x0000000100000000)
  region size 1024K, 3 young (3072K), 3 survivors (3072K)
 Metaspace       used 72608K, committed 73344K, reserved 491520K
  class space    used 10151K, committed 10496K, reserved 425984K
}
Event: 55.572 GC heap before
{Heap before GC invocations=45 (full 0):
 garbage-first heap   total 194560K, used 87646K [0x0000000080000000, 0x0000000100000000)
  region size 1024K, 9 young (9216K), 3 survivors (3072K)
 Metaspace       used 73129K, committed 73856K, reserved 491520K
  class space    used 10213K, committed 10560K, reserved 425984K
}
Event: 55.576 GC heap after
{Heap after GC invocations=46 (full 0):
 garbage-first heap   total 194560K, used 82102K [0x0000000080000000, 0x0000000100000000)
  region size 1024K, 1 young (1024K), 1 survivors (1024K)
 Metaspace       used 73129K, committed 73856K, reserved 491520K
  class space    used 10213K, committed 10560K, reserved 425984K
}
Event: 56.958 GC heap before
{Heap before GC invocations=46 (full 0):
 garbage-first heap   total 194560K, used 126134K [0x0000000080000000, 0x0000000100000000)
  region size 1024K, 43 young (44032K), 1 survivors (1024K)
 Metaspace       used 76317K, committed 77056K, reserved 557056K
  class space    used 10570K, committed 10944K, reserved 425984K
}
Event: 56.965 GC heap after
{Heap after GC invocations=47 (full 0):
 garbage-first heap   total 194560K, used 86217K [0x0000000080000000, 0x0000000100000000)
  region size 1024K, 4 young (4096K), 4 survivors (4096K)
 Metaspace       used 76317K, committed 77056K, reserved 557056K
  class space    used 10570K, committed 10944K, reserved 425984K
}
Event: 57.033 GC heap before
{Heap before GC invocations=47 (full 0):
 garbage-first heap   total 194560K, used 95433K [0x0000000080000000, 0x0000000100000000)
  region size 1024K, 11 young (11264K), 4 survivors (4096K)
 Metaspace       used 76336K, committed 77056K, reserved 557056K
  class space    used 10571K, committed 10944K, reserved 425984K
}
Event: 57.038 GC heap after
{Heap after GC invocations=48 (full 0):
 garbage-first heap   total 194560K, used 90281K [0x0000000080000000, 0x0000000100000000)
  region size 1024K, 5 young (5120K), 5 survivors (5120K)
 Metaspace       used 76336K, committed 77056K, reserved 557056K
  class space    used 10571K, committed 10944K, reserved 425984K
}
Event: 58.283 GC heap before
{Heap before GC invocations=48 (full 0):
 garbage-first heap   total 194560K, used 137385K [0x0000000080000000, 0x0000000100000000)
  region size 1024K, 49 young (50176K), 5 survivors (5120K)
 Metaspace       used 79207K, committed 79872K, reserved 557056K
  class space    used 10955K, committed 11264K, reserved 425984K
}
Event: 58.290 GC heap after
{Heap after GC invocations=49 (full 0):
 garbage-first heap   total 194560K, used 88775K [0x0000000080000000, 0x0000000100000000)
  region size 1024K, 4 young (4096K), 4 survivors (4096K)
 Metaspace       used 79207K, committed 79872K, reserved 557056K
  class space    used 10955K, committed 11264K, reserved 425984K
}
Event: 59.674 GC heap before
{Heap before GC invocations=49 (full 0):
 garbage-first heap   total 194560K, used 138951K [0x0000000080000000, 0x0000000100000000)
  region size 1024K, 53 young (54272K), 4 survivors (4096K)
 Metaspace       used 82592K, committed 83392K, reserved 557056K
  class space    used 11413K, committed 11776K, reserved 425984K
}
Event: 59.679 GC heap after
{Heap after GC invocations=50 (full 0):
 garbage-first heap   total 194560K, used 91439K [0x0000000080000000, 0x0000000100000000)
  region size 1024K, 7 young (7168K), 7 survivors (7168K)
 Metaspace       used 82592K, committed 83392K, reserved 557056K
  class space    used 11413K, committed 11776K, reserved 425984K
}

