# JRE version: Java(TM) SE Runtime Environment (17.0.9+11) (build 17.0.9+11-LTS-201)
# Java VM: Java HotSpot(TM) 64-Bit Server VM (17.0.9+11-LTS-201, mixed mode, sharing, tiered, compressed oops, compressed class ptrs, g1 gc, windows-amd64)
GC Precious Log:
 CPUs: 12 total, 12 available
 Memory: 6005M
 Large Page Support: Disabled
 NUMA Support: Disabled
 Compressed Oops: Enabled (32-bit)
 Heap Region Size: 1M
 Heap Min Capacity: 8M
 Heap Initial Capacity: 94M
 Heap Max Capacity: 2G
 Pre-touch: Disabled
 Parallel Workers: 10
 Concurrent Workers: 3
 Concurrent Refinement Workers: 10
 Periodic GC: Disabled
Heap:
 garbage-first heap   total 319488K, used 268854K [0x0000000080000000, 0x0000000100000000)
  region size 1024K, 2 young (2048K), 2 survivors (2048K)
 Metaspace       used 103740K, committed 105472K, reserved 557056K
  class space    used 14513K, committed 15296K, reserved 425984K
GC Heap History (20 events):
Event: 181.030 GC heap after
{Heap after GC invocations=65 (full 0):
 garbage-first heap   total 319488K, used 257353K [0x0000000080000000, 0x0000000100000000)
  region size 1024K, 2 young (2048K), 2 survivors (2048K)
 Metaspace       used 103130K, committed 104832K, reserved 557056K
  class space    used 14432K, committed 15168K, reserved 425984K
}
Event: 181.859 GC heap before
{Heap before GC invocations=65 (full 0):
 garbage-first heap   total 319488K, used 278857K [0x0000000080000000, 0x0000000100000000)
  region size 1024K, 24 young (24576K), 2 survivors (2048K)
 Metaspace       used 103216K, committed 104960K, reserved 557056K
  class space    used 14436K, committed 15232K, reserved 425984K
}
Event: 181.867 GC heap after
{Heap after GC invocations=66 (full 0):
 garbage-first heap   total 319488K, used 258721K [0x0000000080000000, 0x0000000100000000)
  region size 1024K, 2 young (2048K), 2 survivors (2048K)
 Metaspace       used 103216K, committed 104960K, reserved 557056K
  class space    used 14436K, committed 15232K, reserved 425984K
}
Event: 182.828 GC heap before
{Heap before GC invocations=66 (full 0):
 garbage-first heap   total 319488K, used 279201K [0x0000000080000000, 0x0000000100000000)
  region size 1024K, 23 young (23552K), 2 survivors (2048K)
 Metaspace       used 103306K, committed 105024K, reserved 557056K
  class space    used 14442K, committed 15232K, reserved 425984K
}
Event: 182.833 GC heap after
{Heap after GC invocations=67 (full 0):
 garbage-first heap   total 319488K, used 260037K [0x0000000080000000, 0x0000000100000000)
  region size 1024K, 3 young (3072K), 3 survivors (3072K)
 Metaspace       used 103306K, committed 105024K, reserved 557056K
  class space    used 14442K, committed 15232K, reserved 425984K
}
Event: 183.424 GC heap before
{Heap before GC invocations=67 (full 0):
 garbage-first heap   total 319488K, used 279493K [0x0000000080000000, 0x0000000100000000)
  region size 1024K, 23 young (23552K), 3 survivors (3072K)
 Metaspace       used 103431K, committed 105152K, reserved 557056K
  class space    used 14462K, committed 15232K, reserved 425984K
}
Event: 183.431 GC heap after
{Heap after GC invocations=68 (full 0):
 garbage-first heap   total 319488K, used 261567K [0x0000000080000000, 0x0000000100000000)
  region size 1024K, 3 young (3072K), 3 survivors (3072K)
 Metaspace       used 103431K, committed 105152K, reserved 557056K
  class space    used 14462K, committed 15232K, reserved 425984K
}
Event: 184.176 GC heap before
{Heap before GC invocations=68 (full 0):
 garbage-first heap   total 319488K, used 279998K [0x0000000080000000, 0x0000000100000000)
  region size 1024K, 22 young (22528K), 3 survivors (3072K)
 Metaspace       used 103504K, committed 105216K, reserved 557056K
  class space    used 14464K, committed 15232K, reserved 425984K
}
Event: 184.184 GC heap after
{Heap after GC invocations=69 (full 0):
 garbage-first heap   total 319488K, used 262841K [0x0000000080000000, 0x0000000100000000)
  region size 1024K, 3 young (3072K), 3 survivors (3072K)
 Metaspace       used 103504K, committed 105216K, reserved 557056K
  class space    used 14464K, committed 15232K, reserved 425984K
}
Event: 184.517 GC heap before
{Heap before GC invocations=69 (full 0):
 garbage-first heap   total 319488K, used 285369K [0x0000000080000000, 0x0000000100000000)
  region size 1024K, 22 young (22528K), 3 survivors (3072K)
 Metaspace       used 103531K, committed 105216K, reserved 557056K
  class space    used 14469K, committed 15232K, reserved 425984K
}
Event: 184.524 GC heap after
{Heap after GC invocations=70 (full 0):
 garbage-first heap   total 319488K, used 264228K [0x0000000080000000, 0x0000000100000000)
  region size 1024K, 3 young (3072K), 3 survivors (3072K)
 Metaspace       used 103531K, committed 105216K, reserved 557056K
  class space    used 14469K, committed 15232K, reserved 425984K
}
Event: 184.690 GC heap before
{Heap before GC invocations=70 (full 0):
 garbage-first heap   total 319488K, used 285732K [0x0000000080000000, 0x0000000100000000)
  region size 1024K, 20 young (20480K), 3 survivors (3072K)
 Metaspace       used 103584K, committed 105344K, reserved 557056K
  class space    used 14481K, committed 15296K, reserved 425984K
}
Event: 184.697 GC heap after
{Heap after GC invocations=71 (full 0):
 garbage-first heap   total 319488K, used 269192K [0x0000000080000000, 0x0000000100000000)
  region size 1024K, 3 young (3072K), 3 survivors (3072K)
 Metaspace       used 103584K, committed 105344K, reserved 557056K
  class space    used 14481K, committed 15296K, reserved 425984K
}
Event: 184.804 GC heap before
{Heap before GC invocations=71 (full 0):
 garbage-first heap   total 319488K, used 281480K [0x0000000080000000, 0x0000000100000000)
  region size 1024K, 16 young (16384K), 3 survivors (3072K)
 Metaspace       used 103584K, committed 105344K, reserved 557056K
  class space    used 14481K, committed 15296K, reserved 425984K
}
Event: 184.859 GC heap after
{Heap after GC invocations=72 (full 0):
 garbage-first heap   total 319488K, used 266166K [0x0000000080000000, 0x0000000100000000)
  region size 1024K, 2 young (2048K), 2 survivors (2048K)
 Metaspace       used 103584K, committed 105344K, reserved 557056K
  class space    used 14481K, committed 15296K, reserved 425984K
}
Event: 185.213 GC heap before
{Heap before GC invocations=72 (full 0):
 garbage-first heap   total 319488K, used 281526K [0x0000000080000000, 0x0000000100000000)
  region size 1024K, 18 young (18432K), 2 survivors (2048K)
 Metaspace       used 103735K, committed 105472K, reserved 557056K
  class space    used 14513K, committed 15296K, reserved 425984K
}
Event: 185.220 GC heap after
{Heap after GC invocations=73 (full 0):
 garbage-first heap   total 319488K, used 267141K [0x0000000080000000, 0x0000000100000000)
  region size 1024K, 2 young (2048K), 2 survivors (2048K)
 Metaspace       used 103735K, committed 105472K, reserved 557056K
  class space    used 14513K, committed 15296K, reserved 425984K
}
Event: 185.390 GC heap before
{Heap before GC invocations=73 (full 0):
 garbage-first heap   total 319488K, used 282501K [0x0000000080000000, 0x0000000100000000)
  region size 1024K, 18 young (18432K), 2 survivors (2048K)
 Metaspace       used 103737K, committed 105472K, reserved 557056K
  class space    used 14513K, committed 15296K, reserved 425984K
}
Event: 185.396 GC heap after
{Heap after GC invocations=74 (full 0):
 garbage-first heap   total 319488K, used 267992K [0x0000000080000000, 0x0000000100000000)
  region size 1024K, 2 young (2048K), 2 survivors (2048K)
 Metaspace       used 103737K, committed 105472K, reserved 557056K
  class space    used 14513K, committed 15296K, reserved 425984K
}
Event: 185.642 GC heap before
{Heap before GC invocations=74 (full 0):
 garbage-first heap   total 319488K, used 282328K [0x0000000080000000, 0x0000000100000000)
  region size 1024K, 17 young (17408K), 2 survivors (2048K)
 Metaspace       used 103740K, committed 105472K, reserved 557056K
  class space    used 14513K, committed 15296K, reserved 425984K
}

