# JRE version: Java(TM) SE Runtime Environment (17.0.9+11) (build 17.0.9+11-LTS-201)
# Java VM: Java HotSpot(TM) 64-Bit Server VM (17.0.9+11-LTS-201, mixed mode, sharing, tiered, compressed oops, compressed class ptrs, g1 gc, windows-amd64)
GC Precious Log:
 CPUs: 12 total, 12 available
 Memory: 6005M
 Large Page Support: Disabled
 NUMA Support: Disabled
 Compressed Oops: Enabled (32-bit)
 Heap Region Size: 1M
 Heap Min Capacity: 8M
 Heap Initial Capacity: 94M
 Heap Max Capacity: 2G
 Pre-touch: Disabled
 Parallel Workers: 10
 Concurrent Workers: 3
 Concurrent Refinement Workers: 10
 Periodic GC: Disabled
Heap:
 garbage-first heap   total 148480K, used 88423K [0x0000000080000000, 0x0000000100000000)
  region size 1024K, 2 young (2048K), 2 survivors (2048K)
 Metaspace       used 81330K, committed 82048K, reserved 557056K
  class space    used 11259K, committed 11584K, reserved 425984K
GC Heap History (20 events):
Event: 50.055 GC heap after
{Heap after GC invocations=38 (full 0):
 garbage-first heap   total 122880K, used 72777K [0x0000000080000000, 0x0000000100000000)
  region size 1024K, 3 young (3072K), 3 survivors (3072K)
 Metaspace       used 71442K, committed 72192K, reserved 491520K
  class space    used 10011K, committed 10368K, reserved 425984K
}
Event: 50.387 GC heap before
{Heap before GC invocations=39 (full 0):
 garbage-first heap   total 126976K, used 76873K [0x0000000080000000, 0x0000000100000000)
  region size 1024K, 8 young (8192K), 3 survivors (3072K)
 Metaspace       used 71452K, committed 72192K, reserved 491520K
  class space    used 10011K, committed 10368K, reserved 425984K
}
Event: 50.392 GC heap after
{Heap after GC invocations=40 (full 0):
 garbage-first heap   total 126976K, used 77198K [0x0000000080000000, 0x0000000100000000)
  region size 1024K, 3 young (3072K), 3 survivors (3072K)
 Metaspace       used 71452K, committed 72192K, reserved 491520K
  class space    used 10011K, committed 10368K, reserved 425984K
}
Event: 51.120 GC heap before
{Heap before GC invocations=41 (full 0):
 garbage-first heap   total 133120K, used 94606K [0x0000000080000000, 0x0000000100000000)
  region size 1024K, 19 young (19456K), 3 survivors (3072K)
 Metaspace       used 72387K, committed 73152K, reserved 491520K
  class space    used 10127K, committed 10496K, reserved 425984K
}
Event: 51.124 GC heap after
{Heap after GC invocations=42 (full 0):
 garbage-first heap   total 133120K, used 81119K [0x0000000080000000, 0x0000000100000000)
  region size 1024K, 3 young (3072K), 3 survivors (3072K)
 Metaspace       used 72387K, committed 73152K, reserved 491520K
  class space    used 10127K, committed 10496K, reserved 425984K
}
Event: 51.227 GC heap before
{Heap before GC invocations=42 (full 0):
 garbage-first heap   total 133120K, used 84191K [0x0000000080000000, 0x0000000100000000)
  region size 1024K, 6 young (6144K), 3 survivors (3072K)
 Metaspace       used 72579K, committed 73280K, reserved 491520K
  class space    used 10160K, committed 10496K, reserved 425984K
}
Event: 51.285 GC heap after
{Heap after GC invocations=43 (full 0):
 garbage-first heap   total 133120K, used 81364K [0x0000000080000000, 0x0000000100000000)
  region size 1024K, 1 young (1024K), 1 survivors (1024K)
 Metaspace       used 72579K, committed 73280K, reserved 491520K
  class space    used 10160K, committed 10496K, reserved 425984K
}
Event: 51.872 GC heap before
{Heap before GC invocations=43 (full 0):
 garbage-first heap   total 133120K, used 98772K [0x0000000080000000, 0x0000000100000000)
  region size 1024K, 19 young (19456K), 1 survivors (1024K)
 Metaspace       used 74137K, committed 74880K, reserved 491520K
  class space    used 10321K, committed 10688K, reserved 425984K
}
Event: 51.877 GC heap after
{Heap after GC invocations=44 (full 0):
 garbage-first heap   total 133120K, used 81988K [0x0000000080000000, 0x0000000100000000)
  region size 1024K, 1 young (1024K), 1 survivors (1024K)
 Metaspace       used 74137K, committed 74880K, reserved 491520K
  class space    used 10321K, committed 10688K, reserved 425984K
}
Event: 52.903 GC heap before
{Heap before GC invocations=45 (full 0):
 garbage-first heap   total 142336K, used 101444K [0x0000000080000000, 0x0000000100000000)
  region size 1024K, 21 young (21504K), 1 survivors (1024K)
 Metaspace       used 75757K, committed 76480K, reserved 557056K
  class space    used 10517K, committed 10880K, reserved 425984K
}
Event: 52.906 GC heap after
{Heap after GC invocations=46 (full 0):
 garbage-first heap   total 142336K, used 82346K [0x0000000080000000, 0x0000000100000000)
  region size 1024K, 2 young (2048K), 2 survivors (2048K)
 Metaspace       used 75757K, committed 76480K, reserved 557056K
  class space    used 10517K, committed 10880K, reserved 425984K
}
Event: 53.006 GC heap before
{Heap before GC invocations=46 (full 0):
 garbage-first heap   total 142336K, used 86442K [0x0000000080000000, 0x0000000100000000)
  region size 1024K, 6 young (6144K), 2 survivors (2048K)
 Metaspace       used 76062K, committed 76736K, reserved 557056K
  class space    used 10559K, committed 10880K, reserved 425984K
}
Event: 53.010 GC heap after
{Heap after GC invocations=47 (full 0):
 garbage-first heap   total 142336K, used 82424K [0x0000000080000000, 0x0000000100000000)
  region size 1024K, 1 young (1024K), 1 survivors (1024K)
 Metaspace       used 76062K, committed 76736K, reserved 557056K
  class space    used 10559K, committed 10880K, reserved 425984K
}
Event: 53.657 GC heap before
{Heap before GC invocations=47 (full 0):
 garbage-first heap   total 142336K, used 114168K [0x0000000080000000, 0x0000000100000000)
  region size 1024K, 27 young (27648K), 1 survivors (1024K)
 Metaspace       used 76997K, committed 77760K, reserved 557056K
  class space    used 10692K, committed 11072K, reserved 425984K
}
Event: 53.661 GC heap after
{Heap after GC invocations=48 (full 0):
 garbage-first heap   total 142336K, used 86000K [0x0000000080000000, 0x0000000100000000)
  region size 1024K, 4 young (4096K), 4 survivors (4096K)
 Metaspace       used 76997K, committed 77760K, reserved 557056K
  class space    used 10692K, committed 11072K, reserved 425984K
}
Event: 54.284 GC heap before
{Heap before GC invocations=49 (full 0):
 garbage-first heap   total 148480K, used 111600K [0x0000000080000000, 0x0000000100000000)
  region size 1024K, 29 young (29696K), 4 survivors (4096K)
 Metaspace       used 78800K, committed 79552K, reserved 557056K
  class space    used 10919K, committed 11264K, reserved 425984K
}
Event: 54.290 GC heap after
{Heap after GC invocations=50 (full 0):
 garbage-first heap   total 148480K, used 87481K [0x0000000080000000, 0x0000000100000000)
  region size 1024K, 2 young (2048K), 2 survivors (2048K)
 Metaspace       used 78800K, committed 79552K, reserved 557056K
  class space    used 10919K, committed 11264K, reserved 425984K
}
Event: 54.430 GC heap before
{Heap before GC invocations=50 (full 0):
 garbage-first heap   total 148480K, used 91577K [0x0000000080000000, 0x0000000100000000)
  region size 1024K, 7 young (7168K), 2 survivors (2048K)
 Metaspace       used 79130K, committed 79936K, reserved 557056K
  class space    used 10962K, committed 11328K, reserved 425984K
}
Event: 54.433 GC heap after
{Heap after GC invocations=51 (full 0):
 garbage-first heap   total 148480K, used 87735K [0x0000000080000000, 0x0000000100000000)
  region size 1024K, 1 young (1024K), 1 survivors (1024K)
 Metaspace       used 79130K, committed 79936K, reserved 557056K
  class space    used 10962K, committed 11328K, reserved 425984K
}
Event: 55.314 GC heap before
{Heap before GC invocations=51 (full 0):
 garbage-first heap   total 148480K, used 116407K [0x0000000080000000, 0x0000000100000000)
  region size 1024K, 29 young (29696K), 1 survivors (1024K)
 Metaspace       used 81330K, committed 82048K, reserved 557056K
  class space    used 11259K, committed 11584K, reserved 425984K
}

